<?xml version="1.0" encoding="UTF-8"?>
<!-- Generated by org.testng.reporters.JUnitReportReporter -->
<testsuite skipped="0" hostname="DESKTOP-49RKFJK" name="ru.kkudaibergen.ServiceTest" tests="1" failures="0" timestamp="13 дек 2018 23:48:49 GMT" time="0.027" errors="0">
  <testcase name="testGreeting" time="0.027" classname="ru.kkudaibergen.ServiceTest"/>
</testsuite> <!-- ru.kkudaibergen.ServiceTest -->
